<?xml version="1.0" encoding="UTF-8"?>
<testng-results skipped="0" failed="0" ignored="0" total="1" passed="1">
  <reporter-output>
  </reporter-output>
  <suite name="Default suite" duration-ms="13584" started-at="2020-08-24T17:15:12 CDT" finished-at="2020-08-24T17:15:26 CDT">
    <groups>
    </groups>
    <test name="Default test" duration-ms="13584" started-at="2020-08-24T17:15:12 CDT" finished-at="2020-08-24T17:15:26 CDT">
      <class name="test.OpenSourceLoginTest">
        <test-method status="PASS" signature="loginTest()[pri:0, instance:test.OpenSourceLoginTest@459e9125]" name="loginTest" duration-ms="13526" started-at="2020-08-24T17:15:12 CDT" finished-at="2020-08-24T17:15:25 CDT">
          <reporter-output>
          </reporter-output>
        </test-method> <!-- loginTest -->
      </class> <!-- test.OpenSourceLoginTest -->
    </test> <!-- Default test -->
  </suite> <!-- Default suite -->
</testng-results>
