<?xml version="1.0" encoding="UTF-8"?>
<!-- Generated by org.testng.reporters.JUnitXMLReporter -->
<testsuite hostname="DESKTOP-K30EV23" ignored="0" name="AddNewProduct " tests="1" failures="1" timestamp="2020-08-23T23:01:48 CDT" time="0.043" errors="0">
  <testcase name="addNewProduct" time="0.0" classname="test.AddNewProductTest">
    <failure type="org.testng.TestNGException" message="
Parameter &amp;apos;username&amp;apos; is required by @Test on method addNewProduct but has not been marked @Optional or defined
in C:\Selenuim\DataDrivenFramwork\Data_Driven_XML\data\NewFile.xml">
      <![CDATA[org.testng.TestNGException: 
Parameter 'username' is required by @Test on method addNewProduct but has not been marked @Optional or defined
in C:\Selenuim\DataDrivenFramwork\Data_Driven_XML\data\NewFile.xml
at java.util.ArrayList.forEach(Unknown Source)
... Removed 26 stack frames]]>
    </failure>
  </testcase> <!-- addNewProduct -->
</testsuite> <!-- AddNewProduct  -->
