<?xml version="1.0" encoding="UTF-8"?>
<!-- Generated by org.testng.reporters.JUnitXMLReporter -->
<testsuite hostname="DESKTOP-K30EV23" ignored="0" name="AddNewProduct" tests="1" failures="1" timestamp="2020-08-24T11:12:47 CDT" time="16.428" errors="0">
  <testcase name="addNewProduct" time="16.389" classname="test.AddNewProductTest">
    <failure type="java.lang.NullPointerException">
      <![CDATA[java.lang.NullPointerException
at util.BrowserFactory.ClosingBrowser(BrowserFactory.java:25)
at test.AddNewProductTest.addNewProduct(AddNewProductTest.java:47)
at java.util.ArrayList.forEach(Unknown Source)
... Removed 27 stack frames]]>
    </failure>
  </testcase> <!-- addNewProduct -->
</testsuite> <!-- AddNewProduct -->
